c:\users\asd00\desktop\programming\oop16_proj3\debug\virtuallego.bsc
c:\users\asd00\desktop\programming\oop16_proj3\debug\vc142.pdb
c:\users\asd00\desktop\programming\oop16_proj3\debug\vc142.idb
c:\users\asd00\desktop\programming\oop16_proj3\debug\virtuallego.sbr
c:\users\asd00\desktop\programming\oop16_proj3\debug\virtuallego.obj
c:\users\asd00\desktop\programming\oop16_proj3\debug\d3dutility.sbr
c:\users\asd00\desktop\programming\oop16_proj3\debug\d3dutility.obj
c:\users\asd00\desktop\programming\oop16_proj3\debug\virtuallego.exe
c:\users\asd00\desktop\programming\oop16_proj3\debug\virtuallego.ilk
c:\users\asd00\desktop\programming\oop16_proj3\debug\virtuallego.pdb
c:\users\asd00\desktop\programming\oop16_proj3\debug\소스.obj
c:\users\asd00\desktop\programming\oop16_proj3\debug\vc120.idb
c:\users\asd00\desktop\programming\oop16_proj3\debug\vc120.pdb
c:\users\asd00\desktop\programming\oop16_proj3\debug\소스.sbr
c:\users\asd00\desktop\programming\oop16_proj3\debug\virtuallego.tlog\bscmake.command.1.tlog
c:\users\asd00\desktop\programming\oop16_proj3\debug\virtuallego.tlog\bscmake.read.1.tlog
c:\users\asd00\desktop\programming\oop16_proj3\debug\virtuallego.tlog\bscmake.write.1.tlog
c:\users\asd00\desktop\programming\oop16_proj3\debug\virtuallego.tlog\cl.command.1.tlog
c:\users\asd00\desktop\programming\oop16_proj3\debug\virtuallego.tlog\cl.read.1.tlog
c:\users\asd00\desktop\programming\oop16_proj3\debug\virtuallego.tlog\cl.write.1.tlog
c:\users\asd00\desktop\programming\oop16_proj3\debug\virtuallego.tlog\link.command.1.tlog
c:\users\asd00\desktop\programming\oop16_proj3\debug\virtuallego.tlog\link.read.1.tlog
c:\users\asd00\desktop\programming\oop16_proj3\debug\virtuallego.tlog\link.write.1.tlog
